<?xml version="1.0" encoding="UTF-8"?>
<!-- Generated by org.testng.reporters.JUnitReportReporter -->
<testsuite hostname="DESKTOP-847K17L" failures="0" tests="1" name="com.testcases.RegistrationAndLoginTest" time="10.794" errors="0" timestamp="2025-01-07T15:44:05 CET" skipped="0">
  <testcase classname="com.testcases.RegistrationAndLoginTest" name="registration" time="10.794"/>
</testsuite> <!-- com.testcases.RegistrationAndLoginTest -->
