<?xml version="1.0" encoding="UTF-8"?>
<!-- Generated by org.testng.reporters.JUnitReportReporter -->
<testsuite hostname="DESKTOP-847K17L" failures="0" tests="1" name="com.testcases.RegistrationAndLoginTest" time="9.255" errors="0" timestamp="2025-01-08T10:48:08 CET" skipped="0">
  <testcase classname="com.testcases.RegistrationAndLoginTest" name="registration" time="9.255"/>
</testsuite> <!-- com.testcases.RegistrationAndLoginTest -->
